<?xml version="1.0" encoding="UTF-8"?>
<testsuite xmlns:xsi="http://www.w3.org/2001/XMLSchema-instance" xsi:noNamespaceSchemaLocation="https://maven.apache.org/surefire/maven-surefire-plugin/xsd/surefire-test-report.xsd" version="3.0.2" name="TestSuite" time="35.183" tests="2" errors="0" skipped="0" failures="0">
  <properties>
[...]
</properties>
  <testcase name="verify_account_registration" classname="testCases.TC001_AccountRegistrationTest" time="15.183">
    <system-out><![CDATA[10:17:51.607 [main] INFO  testCases.TC001_AccountRegistrationTest - ****Starting TC001_AccountRegistrationTest **** 
10:17:51.792 [main] INFO  testCases.TC001_AccountRegistrationTest - ****Clicked on MyAccount Link **** 
10:17:52.528 [main] INFO  testCases.TC001_AccountRegistrationTest - ****Clicked on Register Link **** 
10:17:52.545 [main] INFO  testCases.TC001_AccountRegistrationTest - Providing customer details...
10:17:56.654 [main] INFO  testCases.TC001_AccountRegistrationTest - Validating expected message 
10:18:06.743 [main] ERROR testCases.TC001_AccountRegistrationTest - Test failed....
10:18:06.747 [main] INFO  testCases.TC001_AccountRegistrationTest - **** Finished TC001_AccountRegistrationTest ****
]]></system-out>
    <system-err><![CDATA[Mar 04, 2025 10:17:50 AM org.openqa.selenium.devtools.CdpVersionFinder findNearestMatch
WARNING: Unable to find an exact match for CDP version 133, returning the closest version; found: 132; Please update to a Selenium version that supports CDP version 133
]]></system-err>
  </testcase>
  <testcase name="verify_login" classname="testCases.TC002_LoginTest" time="1.838">
    <system-out><![CDATA[10:18:11.259 [main] INFO  testCases.TC002_LoginTest - ****Starting TC001_AccountRegistrationTest **** 
10:18:13.095 [main] INFO  testCases.TC002_LoginTest - ****Finished TC_002LoginTest***
]]></system-out>
    <system-err><![CDATA[Mar 04, 2025 10:18:09 AM org.openqa.selenium.devtools.CdpVersionFinder findNearestMatch
WARNING: Unable to find an exact match for CDP version 133, returning the closest version; found: 132; Please update to a Selenium version that supports CDP version 133
]]></system-err>
  </testcase>
</testsuite>